<?xml version="1.0" encoding="UTF-8"?>
<testsuite xmlns:xsi="http://www.w3.org/2001/XMLSchema-instance" xsi:noNamespaceSchemaLocation="https://maven.apache.org/surefire/maven-surefire-plugin/xsd/surefire-test-report.xsd" name="MainFolder.DAO.OrderDaoImplTest" time="0.289" tests="6" errors="0" skipped="0" failures="0">
  <properties>
[...]
</properties>
  <testcase name="getAllOrdersTest" classname="MainFolder.DAO.OrderDaoImplTest" time="0.118"/>
  <testcase name="removeOrder" classname="MainFolder.DAO.OrderDaoImplTest" time="0.02"/>
  <testcase name="updateOrderWithList" classname="MainFolder.DAO.OrderDaoImplTest" time="0.038"/>
  <testcase name="updateOrderWithGet" classname="MainFolder.DAO.OrderDaoImplTest" time="0.035"/>
  <testcase name="addGetOrderTest" classname="MainFolder.DAO.OrderDaoImplTest" time="0.025"/>
  <testcase name="GetTest2" classname="MainFolder.DAO.OrderDaoImplTest" time="0.025"/>
</testsuite>