<?xml version="1.0" encoding="UTF-8"?>
<testsuite xmlns:xsi="http://www.w3.org/2001/XMLSchema-instance" xsi:noNamespaceSchemaLocation="https://maven.apache.org/surefire/maven-surefire-plugin/xsd/surefire-test-report.xsd" name="Service.OrderServiceLayerImplTest" time="0.095" tests="11" errors="0" skipped="0" failures="0">
  <properties>
[...]
</properties>
  <testcase name="testGetOrder" classname="Service.OrderServiceLayerImplTest" time="0.037"/>
  <testcase name="testUpdateOrder" classname="Service.OrderServiceLayerImplTest" time="0.008"/>
  <testcase name="testRemoveOrder" classname="Service.OrderServiceLayerImplTest" time="0.001"/>
  <testcase name="testGetOrderException" classname="Service.OrderServiceLayerImplTest" time="0.001"/>
  <testcase name="testGetAllOrders" classname="Service.OrderServiceLayerImplTest" time="0.002"/>
  <testcase name="testGetAllOrdersException" classname="Service.OrderServiceLayerImplTest" time="0.001"/>
  <testcase name="testCreateValidOrder" classname="Service.OrderServiceLayerImplTest" time="0.003"/>
  <testcase name="testRemoveOrderException" classname="Service.OrderServiceLayerImplTest" time="0.001"/>
  <testcase name="testValidationFunctions" classname="Service.OrderServiceLayerImplTest" time="0.002"/>
  <testcase name="testCreateOrderPersistenceException" classname="Service.OrderServiceLayerImplTest" time="0.002"/>
  <testcase name="testCreateOrderInvalidData" classname="Service.OrderServiceLayerImplTest" time="0.001"/>
</testsuite>